2017-11-01 13:50:08.556  WARN 12384 --- [Test worker] ory$DuplicateJsonObjectContextCustomizer : 

Found multiple occurrences of org.json.JSONObject on the class path:

	jar:file:/C:/Users/xing.e.liu/.gradle/caches/modules-2/files-2.1/org.json/json/20160212/a742e3f85161835b95877478c5dd5b405cefaab9/json-20160212.jar!/org/json/JSONObject.class
	jar:file:/C:/Users/xing.e.liu/.gradle/caches/modules-2/files-2.1/com.vaadin.external.google/android-json/0.0.20131108.vaadin1/fa26d351fe62a6a17f5cda1287c1c6110dec413f/android-json-0.0.20131108.vaadin1.jar!/org/json/JSONObject.class

You may wish to exclude one of them to ensure predictable runtime behaviour

2017-11-01 13:50:08.579  INFO 12384 --- [Test worker] c.e.s.ServerTestsApplicationTests        : Starting ServerTestsApplicationTests on CPX-W9MLGFHHY4R with PID 12384 (started by xing.e.liu in C:\Users\xing.e.liu\Desktop\week2\serverTests)
2017-11-01 13:50:08.583  INFO 12384 --- [Test worker] c.e.s.ServerTestsApplicationTests        : No active profile set, falling back to default profiles: default
2017-11-01 13:50:08.653  INFO 12384 --- [Test worker] o.s.w.c.s.GenericWebApplicationContext   : Refreshing org.springframework.web.context.support.GenericWebApplicationContext@37eea1b6: startup date [Wed Nov 01 13:50:08 EDT 2017]; root of context hierarchy
2017-11-01 13:50:09.932  INFO 12384 --- [Test worker] f.a.AutowiredAnnotationBeanPostProcessor : JSR-330 'javax.inject.Inject' annotation found and supported for autowiring
2017-11-01 13:50:10.829  INFO 12384 --- [Test worker] s.w.s.m.m.a.RequestMappingHandlerAdapter : Looking for @ControllerAdvice: org.springframework.web.context.support.GenericWebApplicationContext@37eea1b6: startup date [Wed Nov 01 13:50:08 EDT 2017]; root of context hierarchy
2017-11-01 13:50:10.933  INFO 12384 --- [Test worker] s.w.s.m.m.a.RequestMappingHandlerMapping : Mapped "{[/error]}" onto public org.springframework.http.ResponseEntity<java.util.Map<java.lang.String, java.lang.Object>> org.springframework.boot.autoconfigure.web.BasicErrorController.error(javax.servlet.http.HttpServletRequest)
2017-11-01 13:50:10.936  INFO 12384 --- [Test worker] s.w.s.m.m.a.RequestMappingHandlerMapping : Mapped "{[/error],produces=[text/html]}" onto public org.springframework.web.servlet.ModelAndView org.springframework.boot.autoconfigure.web.BasicErrorController.errorHtml(javax.servlet.http.HttpServletRequest,javax.servlet.http.HttpServletResponse)
2017-11-01 13:50:10.982  INFO 12384 --- [Test worker] o.s.w.s.handler.SimpleUrlHandlerMapping  : Mapped URL path [/webjars/**] onto handler of type [class org.springframework.web.servlet.resource.ResourceHttpRequestHandler]
2017-11-01 13:50:10.982  INFO 12384 --- [Test worker] o.s.w.s.handler.SimpleUrlHandlerMapping  : Mapped URL path [/**] onto handler of type [class org.springframework.web.servlet.resource.ResourceHttpRequestHandler]
2017-11-01 13:50:11.048  INFO 12384 --- [Test worker] o.s.w.s.handler.SimpleUrlHandlerMapping  : Mapped URL path [/**/favicon.ico] onto handler of type [class org.springframework.web.servlet.resource.ResourceHttpRequestHandler]
2017-11-01 13:50:11.315  INFO 12384 --- [Test worker] c.e.s.ServerTestsApplicationTests        : Started ServerTestsApplicationTests in 3.09 seconds (JVM running for 4.437)
2017-11-01 13:50:11.380  INFO 12384 --- [Thread-5] o.s.w.c.s.GenericWebApplicationContext   : Closing org.springframework.web.context.support.GenericWebApplicationContext@37eea1b6: startup date [Wed Nov 01 13:50:08 EDT 2017]; root of context hierarchy
2017-11-01 13:51:57.792  WARN 13540 --- [Test worker] ory$DuplicateJsonObjectContextCustomizer : 

Found multiple occurrences of org.json.JSONObject on the class path:

	jar:file:/C:/Users/xing.e.liu/.gradle/caches/modules-2/files-2.1/org.json/json/20160212/a742e3f85161835b95877478c5dd5b405cefaab9/json-20160212.jar!/org/json/JSONObject.class
	jar:file:/C:/Users/xing.e.liu/.gradle/caches/modules-2/files-2.1/com.vaadin.external.google/android-json/0.0.20131108.vaadin1/fa26d351fe62a6a17f5cda1287c1c6110dec413f/android-json-0.0.20131108.vaadin1.jar!/org/json/JSONObject.class

You may wish to exclude one of them to ensure predictable runtime behaviour

2017-11-01 13:51:57.831  INFO 13540 --- [Test worker] c.e.s.ServerTestsApplicationTests        : Starting ServerTestsApplicationTests on CPX-W9MLGFHHY4R with PID 13540 (started by xing.e.liu in C:\Users\xing.e.liu\Desktop\week2\serverTests)
2017-11-01 13:51:57.832  INFO 13540 --- [Test worker] c.e.s.ServerTestsApplicationTests        : No active profile set, falling back to default profiles: default
2017-11-01 13:51:57.910  INFO 13540 --- [Test worker] o.s.w.c.s.GenericWebApplicationContext   : Refreshing org.springframework.web.context.support.GenericWebApplicationContext@37eea1b6: startup date [Wed Nov 01 13:51:57 EDT 2017]; root of context hierarchy
2017-11-01 13:51:59.120  INFO 13540 --- [Test worker] f.a.AutowiredAnnotationBeanPostProcessor : JSR-330 'javax.inject.Inject' annotation found and supported for autowiring
2017-11-01 13:52:00.422  INFO 13540 --- [Test worker] s.w.s.m.m.a.RequestMappingHandlerAdapter : Looking for @ControllerAdvice: org.springframework.web.context.support.GenericWebApplicationContext@37eea1b6: startup date [Wed Nov 01 13:51:57 EDT 2017]; root of context hierarchy
2017-11-01 13:52:00.538  INFO 13540 --- [Test worker] s.w.s.m.m.a.RequestMappingHandlerMapping : Mapped "{[/error]}" onto public org.springframework.http.ResponseEntity<java.util.Map<java.lang.String, java.lang.Object>> org.springframework.boot.autoconfigure.web.BasicErrorController.error(javax.servlet.http.HttpServletRequest)
2017-11-01 13:52:00.541  INFO 13540 --- [Test worker] s.w.s.m.m.a.RequestMappingHandlerMapping : Mapped "{[/error],produces=[text/html]}" onto public org.springframework.web.servlet.ModelAndView org.springframework.boot.autoconfigure.web.BasicErrorController.errorHtml(javax.servlet.http.HttpServletRequest,javax.servlet.http.HttpServletResponse)
2017-11-01 13:52:00.633  INFO 13540 --- [Test worker] o.s.w.s.handler.SimpleUrlHandlerMapping  : Mapped URL path [/webjars/**] onto handler of type [class org.springframework.web.servlet.resource.ResourceHttpRequestHandler]
2017-11-01 13:52:00.633  INFO 13540 --- [Test worker] o.s.w.s.handler.SimpleUrlHandlerMapping  : Mapped URL path [/**] onto handler of type [class org.springframework.web.servlet.resource.ResourceHttpRequestHandler]
2017-11-01 13:52:00.705  INFO 13540 --- [Test worker] o.s.w.s.handler.SimpleUrlHandlerMapping  : Mapped URL path [/**/favicon.ico] onto handler of type [class org.springframework.web.servlet.resource.ResourceHttpRequestHandler]
2017-11-01 13:52:00.989  INFO 13540 --- [Test worker] c.e.s.ServerTestsApplicationTests        : Started ServerTestsApplicationTests in 3.535 seconds (JVM running for 5.0)
2017-11-01 13:52:01.100  INFO 13540 --- [Thread-5] o.s.w.c.s.GenericWebApplicationContext   : Closing org.springframework.web.context.support.GenericWebApplicationContext@37eea1b6: startup date [Wed Nov 01 13:51:57 EDT 2017]; root of context hierarchy
2017-11-01 23:27:07.991  WARN 18040 --- [Test worker] ory$DuplicateJsonObjectContextCustomizer : 

Found multiple occurrences of org.json.JSONObject on the class path:

	jar:file:/C:/Users/xing.e.liu/.gradle/caches/modules-2/files-2.1/org.json/json/20160212/a742e3f85161835b95877478c5dd5b405cefaab9/json-20160212.jar!/org/json/JSONObject.class
	jar:file:/C:/Users/xing.e.liu/.gradle/caches/modules-2/files-2.1/com.vaadin.external.google/android-json/0.0.20131108.vaadin1/fa26d351fe62a6a17f5cda1287c1c6110dec413f/android-json-0.0.20131108.vaadin1.jar!/org/json/JSONObject.class

You may wish to exclude one of them to ensure predictable runtime behaviour

2017-11-01 23:27:08.019  INFO 18040 --- [Test worker] c.e.s.ServerTestsApplicationTests        : Starting ServerTestsApplicationTests on CPX-W9MLGFHHY4R with PID 18040 (started by xing.e.liu in C:\Users\xing.e.liu\Desktop\week2\serverTests)
2017-11-01 23:27:08.019  INFO 18040 --- [Test worker] c.e.s.ServerTestsApplicationTests        : No active profile set, falling back to default profiles: default
2017-11-01 23:27:08.071  INFO 18040 --- [Test worker] o.s.w.c.s.GenericWebApplicationContext   : Refreshing org.springframework.web.context.support.GenericWebApplicationContext@1d5b7b03: startup date [Wed Nov 01 23:27:08 EDT 2017]; root of context hierarchy
2017-11-01 23:27:09.550  INFO 18040 --- [Test worker] f.a.AutowiredAnnotationBeanPostProcessor : JSR-330 'javax.inject.Inject' annotation found and supported for autowiring
2017-11-01 23:27:10.541  INFO 18040 --- [Test worker] s.w.s.m.m.a.RequestMappingHandlerAdapter : Looking for @ControllerAdvice: org.springframework.web.context.support.GenericWebApplicationContext@1d5b7b03: startup date [Wed Nov 01 23:27:08 EDT 2017]; root of context hierarchy
2017-11-01 23:27:10.653  INFO 18040 --- [Test worker] s.w.s.m.m.a.RequestMappingHandlerMapping : Mapped "{[/error]}" onto public org.springframework.http.ResponseEntity<java.util.Map<java.lang.String, java.lang.Object>> org.springframework.boot.autoconfigure.web.BasicErrorController.error(javax.servlet.http.HttpServletRequest)
2017-11-01 23:27:10.655  INFO 18040 --- [Test worker] s.w.s.m.m.a.RequestMappingHandlerMapping : Mapped "{[/error],produces=[text/html]}" onto public org.springframework.web.servlet.ModelAndView org.springframework.boot.autoconfigure.web.BasicErrorController.errorHtml(javax.servlet.http.HttpServletRequest,javax.servlet.http.HttpServletResponse)
2017-11-01 23:27:10.701  INFO 18040 --- [Test worker] o.s.w.s.handler.SimpleUrlHandlerMapping  : Mapped URL path [/webjars/**] onto handler of type [class org.springframework.web.servlet.resource.ResourceHttpRequestHandler]
2017-11-01 23:27:10.702  INFO 18040 --- [Test worker] o.s.w.s.handler.SimpleUrlHandlerMapping  : Mapped URL path [/**] onto handler of type [class org.springframework.web.servlet.resource.ResourceHttpRequestHandler]
2017-11-01 23:27:10.785  INFO 18040 --- [Test worker] o.s.w.s.handler.SimpleUrlHandlerMapping  : Mapped URL path [/**/favicon.ico] onto handler of type [class org.springframework.web.servlet.resource.ResourceHttpRequestHandler]
2017-11-01 23:27:11.005  INFO 18040 --- [Test worker] c.e.s.ServerTestsApplicationTests        : Started ServerTestsApplicationTests in 3.342 seconds (JVM running for 5.17)
2017-11-01 23:27:11.093  INFO 18040 --- [Thread-5] o.s.w.c.s.GenericWebApplicationContext   : Closing org.springframework.web.context.support.GenericWebApplicationContext@1d5b7b03: startup date [Wed Nov 01 23:27:08 EDT 2017]; root of context hierarchy
2017-11-01 23:32:36.318  WARN 6804 --- [Test worker] ory$DuplicateJsonObjectContextCustomizer : 

Found multiple occurrences of org.json.JSONObject on the class path:

	jar:file:/C:/Users/xing.e.liu/.gradle/caches/modules-2/files-2.1/org.json/json/20160212/a742e3f85161835b95877478c5dd5b405cefaab9/json-20160212.jar!/org/json/JSONObject.class
	jar:file:/C:/Users/xing.e.liu/.gradle/caches/modules-2/files-2.1/com.vaadin.external.google/android-json/0.0.20131108.vaadin1/fa26d351fe62a6a17f5cda1287c1c6110dec413f/android-json-0.0.20131108.vaadin1.jar!/org/json/JSONObject.class

You may wish to exclude one of them to ensure predictable runtime behaviour

2017-11-01 23:32:36.342  INFO 6804 --- [Test worker] c.e.s.ServerTestsApplicationTests        : Starting ServerTestsApplicationTests on CPX-W9MLGFHHY4R with PID 6804 (started by xing.e.liu in C:\Users\xing.e.liu\Desktop\week2\serverTests)
2017-11-01 23:32:36.346  INFO 6804 --- [Test worker] c.e.s.ServerTestsApplicationTests        : No active profile set, falling back to default profiles: default
2017-11-01 23:32:36.398  INFO 6804 --- [Test worker] o.s.w.c.s.GenericWebApplicationContext   : Refreshing org.springframework.web.context.support.GenericWebApplicationContext@1c090805: startup date [Wed Nov 01 23:32:36 EDT 2017]; root of context hierarchy
2017-11-01 23:32:37.527  INFO 6804 --- [Test worker] f.a.AutowiredAnnotationBeanPostProcessor : JSR-330 'javax.inject.Inject' annotation found and supported for autowiring
2017-11-01 23:32:38.451  INFO 6804 --- [Test worker] s.w.s.m.m.a.RequestMappingHandlerAdapter : Looking for @ControllerAdvice: org.springframework.web.context.support.GenericWebApplicationContext@1c090805: startup date [Wed Nov 01 23:32:36 EDT 2017]; root of context hierarchy
2017-11-01 23:32:38.535  INFO 6804 --- [Test worker] s.w.s.m.m.a.RequestMappingHandlerMapping : Mapped "{[/error]}" onto public org.springframework.http.ResponseEntity<java.util.Map<java.lang.String, java.lang.Object>> org.springframework.boot.autoconfigure.web.BasicErrorController.error(javax.servlet.http.HttpServletRequest)
2017-11-01 23:32:38.539  INFO 6804 --- [Test worker] s.w.s.m.m.a.RequestMappingHandlerMapping : Mapped "{[/error],produces=[text/html]}" onto public org.springframework.web.servlet.ModelAndView org.springframework.boot.autoconfigure.web.BasicErrorController.errorHtml(javax.servlet.http.HttpServletRequest,javax.servlet.http.HttpServletResponse)
2017-11-01 23:32:38.586  INFO 6804 --- [Test worker] o.s.w.s.handler.SimpleUrlHandlerMapping  : Mapped URL path [/webjars/**] onto handler of type [class org.springframework.web.servlet.resource.ResourceHttpRequestHandler]
2017-11-01 23:32:38.587  INFO 6804 --- [Test worker] o.s.w.s.handler.SimpleUrlHandlerMapping  : Mapped URL path [/**] onto handler of type [class org.springframework.web.servlet.resource.ResourceHttpRequestHandler]
2017-11-01 23:32:38.651  INFO 6804 --- [Test worker] o.s.w.s.handler.SimpleUrlHandlerMapping  : Mapped URL path [/**/favicon.ico] onto handler of type [class org.springframework.web.servlet.resource.ResourceHttpRequestHandler]
2017-11-01 23:32:38.891  INFO 6804 --- [Test worker] c.e.s.ServerTestsApplicationTests        : Started ServerTestsApplicationTests in 2.861 seconds (JVM running for 4.021)
2017-11-01 23:32:38.951  INFO 6804 --- [Thread-5] o.s.w.c.s.GenericWebApplicationContext   : Closing org.springframework.web.context.support.GenericWebApplicationContext@1c090805: startup date [Wed Nov 01 23:32:36 EDT 2017]; root of context hierarchy
2017-11-02 09:58:52.043  WARN 12016 --- [Test worker] ory$DuplicateJsonObjectContextCustomizer : 

Found multiple occurrences of org.json.JSONObject on the class path:

	jar:file:/C:/Users/xing.e.liu/.gradle/caches/modules-2/files-2.1/org.json/json/20160212/a742e3f85161835b95877478c5dd5b405cefaab9/json-20160212.jar!/org/json/JSONObject.class
	jar:file:/C:/Users/xing.e.liu/.gradle/caches/modules-2/files-2.1/com.vaadin.external.google/android-json/0.0.20131108.vaadin1/fa26d351fe62a6a17f5cda1287c1c6110dec413f/android-json-0.0.20131108.vaadin1.jar!/org/json/JSONObject.class

You may wish to exclude one of them to ensure predictable runtime behaviour

2017-11-02 09:58:52.067  INFO 12016 --- [Test worker] c.e.s.ServerTestsApplicationTests        : Starting ServerTestsApplicationTests on CPX-W9MLGFHHY4R with PID 12016 (started by xing.e.liu in C:\Users\xing.e.liu\Desktop\week2\serverTests)
2017-11-02 09:58:52.071  INFO 12016 --- [Test worker] c.e.s.ServerTestsApplicationTests        : No active profile set, falling back to default profiles: default
2017-11-02 09:58:52.127  INFO 12016 --- [Test worker] o.s.w.c.s.GenericWebApplicationContext   : Refreshing org.springframework.web.context.support.GenericWebApplicationContext@16cba6e4: startup date [Thu Nov 02 09:58:52 EDT 2017]; root of context hierarchy
2017-11-02 09:58:53.224  INFO 12016 --- [Test worker] f.a.AutowiredAnnotationBeanPostProcessor : JSR-330 'javax.inject.Inject' annotation found and supported for autowiring
2017-11-02 09:58:54.181  INFO 12016 --- [Test worker] s.w.s.m.m.a.RequestMappingHandlerAdapter : Looking for @ControllerAdvice: org.springframework.web.context.support.GenericWebApplicationContext@16cba6e4: startup date [Thu Nov 02 09:58:52 EDT 2017]; root of context hierarchy
2017-11-02 09:58:54.269  INFO 12016 --- [Test worker] s.w.s.m.m.a.RequestMappingHandlerMapping : Mapped "{[/error]}" onto public org.springframework.http.ResponseEntity<java.util.Map<java.lang.String, java.lang.Object>> org.springframework.boot.autoconfigure.web.BasicErrorController.error(javax.servlet.http.HttpServletRequest)
2017-11-02 09:58:54.277  INFO 12016 --- [Test worker] s.w.s.m.m.a.RequestMappingHandlerMapping : Mapped "{[/error],produces=[text/html]}" onto public org.springframework.web.servlet.ModelAndView org.springframework.boot.autoconfigure.web.BasicErrorController.errorHtml(javax.servlet.http.HttpServletRequest,javax.servlet.http.HttpServletResponse)
2017-11-02 09:58:54.329  INFO 12016 --- [Test worker] o.s.w.s.handler.SimpleUrlHandlerMapping  : Mapped URL path [/webjars/**] onto handler of type [class org.springframework.web.servlet.resource.ResourceHttpRequestHandler]
2017-11-02 09:58:54.329  INFO 12016 --- [Test worker] o.s.w.s.handler.SimpleUrlHandlerMapping  : Mapped URL path [/**] onto handler of type [class org.springframework.web.servlet.resource.ResourceHttpRequestHandler]
2017-11-02 09:58:54.389  INFO 12016 --- [Test worker] o.s.w.s.handler.SimpleUrlHandlerMapping  : Mapped URL path [/**/favicon.ico] onto handler of type [class org.springframework.web.servlet.resource.ResourceHttpRequestHandler]
2017-11-02 09:58:54.576  INFO 12016 --- [Test worker] c.e.s.ServerTestsApplicationTests        : Started ServerTestsApplicationTests in 2.864 seconds (JVM running for 4.266)
2017-11-02 09:58:54.645  INFO 12016 --- [Test worker] c.e.serverTests.ServerTestsApplication   : Initializing tester
2017-11-02 09:58:54.712  INFO 12016 --- [Test worker] c.e.serverTests.ServerTestsApplication   : Testing get request
2017-11-02 09:58:56.122  INFO 12016 --- [Test worker] c.e.serverTests.ServerTestsApplication   : testGet() passed
2017-11-02 09:58:56.127  INFO 12016 --- [Test worker] c.e.serverTests.ServerTestsApplication   : Initializing tester
2017-11-02 09:58:56.131  INFO 12016 --- [Test worker] c.e.serverTests.ServerTestsApplication   : Testing post request
2017-11-02 09:58:56.855  INFO 12016 --- [Test worker] c.e.serverTests.ServerTestsApplication   : testPost() passed
2017-11-02 09:58:56.871  INFO 12016 --- [Thread-5] o.s.w.c.s.GenericWebApplicationContext   : Closing org.springframework.web.context.support.GenericWebApplicationContext@16cba6e4: startup date [Thu Nov 02 09:58:52 EDT 2017]; root of context hierarchy
2017-11-02 10:06:48.195  WARN 15208 --- [Test worker] ory$DuplicateJsonObjectContextCustomizer : 

Found multiple occurrences of org.json.JSONObject on the class path:

	jar:file:/C:/Users/xing.e.liu/.gradle/caches/modules-2/files-2.1/org.json/json/20160212/a742e3f85161835b95877478c5dd5b405cefaab9/json-20160212.jar!/org/json/JSONObject.class
	jar:file:/C:/Users/xing.e.liu/.gradle/caches/modules-2/files-2.1/com.vaadin.external.google/android-json/0.0.20131108.vaadin1/fa26d351fe62a6a17f5cda1287c1c6110dec413f/android-json-0.0.20131108.vaadin1.jar!/org/json/JSONObject.class

You may wish to exclude one of them to ensure predictable runtime behaviour

2017-11-02 10:06:48.231  INFO 15208 --- [Test worker] c.e.s.ServerTestsApplicationTests        : Starting ServerTestsApplicationTests on CPX-W9MLGFHHY4R with PID 15208 (started by xing.e.liu in C:\Users\xing.e.liu\Desktop\week2\serverTests)
2017-11-02 10:06:48.235  INFO 15208 --- [Test worker] c.e.s.ServerTestsApplicationTests        : No active profile set, falling back to default profiles: default
2017-11-02 10:06:48.287  INFO 15208 --- [Test worker] o.s.w.c.s.GenericWebApplicationContext   : Refreshing org.springframework.web.context.support.GenericWebApplicationContext@16cba6e4: startup date [Thu Nov 02 10:06:48 EDT 2017]; root of context hierarchy
2017-11-02 10:06:49.423  INFO 15208 --- [Test worker] f.a.AutowiredAnnotationBeanPostProcessor : JSR-330 'javax.inject.Inject' annotation found and supported for autowiring
2017-11-02 10:06:50.330  INFO 15208 --- [Test worker] s.w.s.m.m.a.RequestMappingHandlerAdapter : Looking for @ControllerAdvice: org.springframework.web.context.support.GenericWebApplicationContext@16cba6e4: startup date [Thu Nov 02 10:06:48 EDT 2017]; root of context hierarchy
2017-11-02 10:06:50.423  INFO 15208 --- [Test worker] s.w.s.m.m.a.RequestMappingHandlerMapping : Mapped "{[/error]}" onto public org.springframework.http.ResponseEntity<java.util.Map<java.lang.String, java.lang.Object>> org.springframework.boot.autoconfigure.web.BasicErrorController.error(javax.servlet.http.HttpServletRequest)
2017-11-02 10:06:50.426  INFO 15208 --- [Test worker] s.w.s.m.m.a.RequestMappingHandlerMapping : Mapped "{[/error],produces=[text/html]}" onto public org.springframework.web.servlet.ModelAndView org.springframework.boot.autoconfigure.web.BasicErrorController.errorHtml(javax.servlet.http.HttpServletRequest,javax.servlet.http.HttpServletResponse)
2017-11-02 10:06:50.466  INFO 15208 --- [Test worker] o.s.w.s.handler.SimpleUrlHandlerMapping  : Mapped URL path [/webjars/**] onto handler of type [class org.springframework.web.servlet.resource.ResourceHttpRequestHandler]
2017-11-02 10:06:50.466  INFO 15208 --- [Test worker] o.s.w.s.handler.SimpleUrlHandlerMapping  : Mapped URL path [/**] onto handler of type [class org.springframework.web.servlet.resource.ResourceHttpRequestHandler]
2017-11-02 10:06:50.510  INFO 15208 --- [Test worker] o.s.w.s.handler.SimpleUrlHandlerMapping  : Mapped URL path [/**/favicon.ico] onto handler of type [class org.springframework.web.servlet.resource.ResourceHttpRequestHandler]
2017-11-02 10:06:50.734  INFO 15208 --- [Test worker] c.e.s.ServerTestsApplicationTests        : Started ServerTestsApplicationTests in 2.844 seconds (JVM running for 3.994)
2017-11-02 10:06:50.794  INFO 15208 --- [Test worker] c.e.serverTests.ServerTestsApplication   : Initializing tester
2017-11-02 10:06:50.858  INFO 15208 --- [Test worker] c.e.serverTests.ServerTestsApplication   : Testing get request
2017-11-02 10:06:52.423  INFO 15208 --- [Test worker] c.e.serverTests.ServerTestsApplication   : testGet() passed
2017-11-02 10:06:52.431  INFO 15208 --- [Test worker] c.e.serverTests.ServerTestsApplication   : Initializing tester
2017-11-02 10:06:52.439  INFO 15208 --- [Test worker] c.e.serverTests.ServerTestsApplication   : Testing post request
2017-11-02 10:06:52.694  INFO 15208 --- [Test worker] c.e.serverTests.ServerTestsApplication   : testPost() passed
2017-11-02 10:06:52.702  INFO 15208 --- [Thread-5] o.s.w.c.s.GenericWebApplicationContext   : Closing org.springframework.web.context.support.GenericWebApplicationContext@16cba6e4: startup date [Thu Nov 02 10:06:48 EDT 2017]; root of context hierarchy
2017-11-02 11:09:15.590  WARN 13908 --- [Test worker] ory$DuplicateJsonObjectContextCustomizer : 

Found multiple occurrences of org.json.JSONObject on the class path:

	jar:file:/C:/Users/xing.e.liu/.gradle/caches/modules-2/files-2.1/org.json/json/20160212/a742e3f85161835b95877478c5dd5b405cefaab9/json-20160212.jar!/org/json/JSONObject.class
	jar:file:/C:/Users/xing.e.liu/.gradle/caches/modules-2/files-2.1/com.vaadin.external.google/android-json/0.0.20131108.vaadin1/fa26d351fe62a6a17f5cda1287c1c6110dec413f/android-json-0.0.20131108.vaadin1.jar!/org/json/JSONObject.class

You may wish to exclude one of them to ensure predictable runtime behaviour

2017-11-02 11:09:15.611  INFO 13908 --- [Test worker] c.e.s.ServerTestsApplicationTests        : Starting ServerTestsApplicationTests on CPX-W9MLGFHHY4R with PID 13908 (started by xing.e.liu in C:\Users\xing.e.liu\Desktop\week2\serverTests)
2017-11-02 11:09:15.612  INFO 13908 --- [Test worker] c.e.s.ServerTestsApplicationTests        : No active profile set, falling back to default profiles: default
2017-11-02 11:09:15.665  INFO 13908 --- [Test worker] o.s.w.c.s.GenericWebApplicationContext   : Refreshing org.springframework.web.context.support.GenericWebApplicationContext@16cba6e4: startup date [Thu Nov 02 11:09:15 EDT 2017]; root of context hierarchy
2017-11-02 11:09:16.813  INFO 13908 --- [Test worker] f.a.AutowiredAnnotationBeanPostProcessor : JSR-330 'javax.inject.Inject' annotation found and supported for autowiring
2017-11-02 11:09:17.662  INFO 13908 --- [Test worker] s.w.s.m.m.a.RequestMappingHandlerAdapter : Looking for @ControllerAdvice: org.springframework.web.context.support.GenericWebApplicationContext@16cba6e4: startup date [Thu Nov 02 11:09:15 EDT 2017]; root of context hierarchy
2017-11-02 11:09:17.760  INFO 13908 --- [Test worker] s.w.s.m.m.a.RequestMappingHandlerMapping : Mapped "{[/error]}" onto public org.springframework.http.ResponseEntity<java.util.Map<java.lang.String, java.lang.Object>> org.springframework.boot.autoconfigure.web.BasicErrorController.error(javax.servlet.http.HttpServletRequest)
2017-11-02 11:09:17.763  INFO 13908 --- [Test worker] s.w.s.m.m.a.RequestMappingHandlerMapping : Mapped "{[/error],produces=[text/html]}" onto public org.springframework.web.servlet.ModelAndView org.springframework.boot.autoconfigure.web.BasicErrorController.errorHtml(javax.servlet.http.HttpServletRequest,javax.servlet.http.HttpServletResponse)
2017-11-02 11:09:17.810  INFO 13908 --- [Test worker] o.s.w.s.handler.SimpleUrlHandlerMapping  : Mapped URL path [/webjars/**] onto handler of type [class org.springframework.web.servlet.resource.ResourceHttpRequestHandler]
2017-11-02 11:09:17.811  INFO 13908 --- [Test worker] o.s.w.s.handler.SimpleUrlHandlerMapping  : Mapped URL path [/**] onto handler of type [class org.springframework.web.servlet.resource.ResourceHttpRequestHandler]
2017-11-02 11:09:17.864  INFO 13908 --- [Test worker] o.s.w.s.handler.SimpleUrlHandlerMapping  : Mapped URL path [/**/favicon.ico] onto handler of type [class org.springframework.web.servlet.resource.ResourceHttpRequestHandler]
2017-11-02 11:09:18.068  INFO 13908 --- [Test worker] c.e.s.ServerTestsApplicationTests        : Started ServerTestsApplicationTests in 2.784 seconds (JVM running for 3.879)
2017-11-02 11:09:18.142  INFO 13908 --- [Test worker] c.e.serverTests.ServerTestsApplication   : Initializing tester
2017-11-02 11:09:18.220  INFO 13908 --- [Test worker] c.e.serverTests.ServerTestsApplication   : Testing get request
2017-11-02 11:09:20.759  INFO 13908 --- [Test worker] c.e.serverTests.ServerTestsApplication   : testGet() passed
2017-11-02 11:09:20.777  INFO 13908 --- [Test worker] c.e.serverTests.ServerTestsApplication   : Initializing tester
2017-11-02 11:09:20.780  INFO 13908 --- [Test worker] c.e.serverTests.ServerTestsApplication   : Testing post request
2017-11-02 11:09:21.030  INFO 13908 --- [Test worker] c.e.serverTests.ServerTestsApplication   : testPost() passed
2017-11-02 11:09:21.039  INFO 13908 --- [Thread-5] o.s.w.c.s.GenericWebApplicationContext   : Closing org.springframework.web.context.support.GenericWebApplicationContext@16cba6e4: startup date [Thu Nov 02 11:09:15 EDT 2017]; root of context hierarchy
2017-11-02 12:34:51.582  WARN 13996 --- [Test worker] ory$DuplicateJsonObjectContextCustomizer : 

Found multiple occurrences of org.json.JSONObject on the class path:

	jar:file:/C:/Users/xing.e.liu/.gradle/caches/modules-2/files-2.1/org.json/json/20160212/a742e3f85161835b95877478c5dd5b405cefaab9/json-20160212.jar!/org/json/JSONObject.class
	jar:file:/C:/Users/xing.e.liu/.gradle/caches/modules-2/files-2.1/com.vaadin.external.google/android-json/0.0.20131108.vaadin1/fa26d351fe62a6a17f5cda1287c1c6110dec413f/android-json-0.0.20131108.vaadin1.jar!/org/json/JSONObject.class

You may wish to exclude one of them to ensure predictable runtime behaviour

2017-11-02 12:34:51.609  INFO 13996 --- [Test worker] c.e.s.ServerTestsApplicationTests        : Starting ServerTestsApplicationTests on CPX-W9MLGFHHY4R with PID 13996 (started by xing.e.liu in C:\Users\xing.e.liu\Desktop\week2\serverTests)
2017-11-02 12:34:51.610  INFO 13996 --- [Test worker] c.e.s.ServerTestsApplicationTests        : No active profile set, falling back to default profiles: default
2017-11-02 12:34:51.666  INFO 13996 --- [Test worker] o.s.w.c.s.GenericWebApplicationContext   : Refreshing org.springframework.web.context.support.GenericWebApplicationContext@16cba6e4: startup date [Thu Nov 02 12:34:51 EDT 2017]; root of context hierarchy
2017-11-02 12:34:52.818  INFO 13996 --- [Test worker] f.a.AutowiredAnnotationBeanPostProcessor : JSR-330 'javax.inject.Inject' annotation found and supported for autowiring
2017-11-02 12:34:53.828  INFO 13996 --- [Test worker] s.w.s.m.m.a.RequestMappingHandlerAdapter : Looking for @ControllerAdvice: org.springframework.web.context.support.GenericWebApplicationContext@16cba6e4: startup date [Thu Nov 02 12:34:51 EDT 2017]; root of context hierarchy
2017-11-02 12:34:53.925  INFO 13996 --- [Test worker] s.w.s.m.m.a.RequestMappingHandlerMapping : Mapped "{[/error]}" onto public org.springframework.http.ResponseEntity<java.util.Map<java.lang.String, java.lang.Object>> org.springframework.boot.autoconfigure.web.BasicErrorController.error(javax.servlet.http.HttpServletRequest)
2017-11-02 12:34:53.928  INFO 13996 --- [Test worker] s.w.s.m.m.a.RequestMappingHandlerMapping : Mapped "{[/error],produces=[text/html]}" onto public org.springframework.web.servlet.ModelAndView org.springframework.boot.autoconfigure.web.BasicErrorController.errorHtml(javax.servlet.http.HttpServletRequest,javax.servlet.http.HttpServletResponse)
2017-11-02 12:34:53.976  INFO 13996 --- [Test worker] o.s.w.s.handler.SimpleUrlHandlerMapping  : Mapped URL path [/webjars/**] onto handler of type [class org.springframework.web.servlet.resource.ResourceHttpRequestHandler]
2017-11-02 12:34:53.977  INFO 13996 --- [Test worker] o.s.w.s.handler.SimpleUrlHandlerMapping  : Mapped URL path [/**] onto handler of type [class org.springframework.web.servlet.resource.ResourceHttpRequestHandler]
2017-11-02 12:34:54.036  INFO 13996 --- [Test worker] o.s.w.s.handler.SimpleUrlHandlerMapping  : Mapped URL path [/**/favicon.ico] onto handler of type [class org.springframework.web.servlet.resource.ResourceHttpRequestHandler]
2017-11-02 12:34:54.241  INFO 13996 --- [Test worker] c.e.s.ServerTestsApplicationTests        : Started ServerTestsApplicationTests in 3.0 seconds (JVM running for 4.289)
2017-11-02 12:34:54.979  INFO 13996 --- [Test worker] c.e.serverTests.ServerTestsApplication   : Initializing tester
2017-11-02 12:34:55.067  INFO 13996 --- [Test worker] c.e.serverTests.ServerTestsApplication   : Testing get request
2017-11-02 12:34:56.535  INFO 13996 --- [Test worker] c.e.serverTests.ServerTestsApplication   : testGet() passed
2017-11-02 12:34:56.557  INFO 13996 --- [Test worker] c.e.serverTests.ServerTestsApplication   : Initializing tester
2017-11-02 12:34:56.560  INFO 13996 --- [Test worker] c.e.serverTests.ServerTestsApplication   : Testing post request
2017-11-02 12:34:56.993  INFO 13996 --- [Test worker] c.e.serverTests.ServerTestsApplication   : testPost() passed
2017-11-02 12:34:57.001  INFO 13996 --- [Thread-5] o.s.w.c.s.GenericWebApplicationContext   : Closing org.springframework.web.context.support.GenericWebApplicationContext@16cba6e4: startup date [Thu Nov 02 12:34:51 EDT 2017]; root of context hierarchy
2017-11-02 19:01:36.753  WARN 13020 --- [Test worker] ory$DuplicateJsonObjectContextCustomizer : 

Found multiple occurrences of org.json.JSONObject on the class path:

	jar:file:/C:/Users/xing.e.liu/.gradle/caches/modules-2/files-2.1/org.json/json/20160212/a742e3f85161835b95877478c5dd5b405cefaab9/json-20160212.jar!/org/json/JSONObject.class
	jar:file:/C:/Users/xing.e.liu/.gradle/caches/modules-2/files-2.1/com.vaadin.external.google/android-json/0.0.20131108.vaadin1/fa26d351fe62a6a17f5cda1287c1c6110dec413f/android-json-0.0.20131108.vaadin1.jar!/org/json/JSONObject.class

You may wish to exclude one of them to ensure predictable runtime behaviour

2017-11-02 19:01:36.784  INFO 13020 --- [Test worker] c.e.s.ServerTestsApplicationTests        : Starting ServerTestsApplicationTests on CPX-W9MLGFHHY4R with PID 13020 (started by xing.e.liu in C:\Users\xing.e.liu\Desktop\week2\serverTests)
2017-11-02 19:01:36.785  INFO 13020 --- [Test worker] c.e.s.ServerTestsApplicationTests        : No active profile set, falling back to default profiles: default
2017-11-02 19:01:36.856  INFO 13020 --- [Test worker] o.s.w.c.s.GenericWebApplicationContext   : Refreshing org.springframework.web.context.support.GenericWebApplicationContext@16cba6e4: startup date [Thu Nov 02 19:01:36 EDT 2017]; root of context hierarchy
2017-11-02 19:01:38.206  INFO 13020 --- [Test worker] f.a.AutowiredAnnotationBeanPostProcessor : JSR-330 'javax.inject.Inject' annotation found and supported for autowiring
2017-11-02 19:01:39.184  INFO 13020 --- [Test worker] s.w.s.m.m.a.RequestMappingHandlerAdapter : Looking for @ControllerAdvice: org.springframework.web.context.support.GenericWebApplicationContext@16cba6e4: startup date [Thu Nov 02 19:01:36 EDT 2017]; root of context hierarchy
2017-11-02 19:01:39.306  INFO 13020 --- [Test worker] s.w.s.m.m.a.RequestMappingHandlerMapping : Mapped "{[/error]}" onto public org.springframework.http.ResponseEntity<java.util.Map<java.lang.String, java.lang.Object>> org.springframework.boot.autoconfigure.web.BasicErrorController.error(javax.servlet.http.HttpServletRequest)
2017-11-02 19:01:39.309  INFO 13020 --- [Test worker] s.w.s.m.m.a.RequestMappingHandlerMapping : Mapped "{[/error],produces=[text/html]}" onto public org.springframework.web.servlet.ModelAndView org.springframework.boot.autoconfigure.web.BasicErrorController.errorHtml(javax.servlet.http.HttpServletRequest,javax.servlet.http.HttpServletResponse)
2017-11-02 19:01:39.358  INFO 13020 --- [Test worker] o.s.w.s.handler.SimpleUrlHandlerMapping  : Mapped URL path [/webjars/**] onto handler of type [class org.springframework.web.servlet.resource.ResourceHttpRequestHandler]
2017-11-02 19:01:39.360  INFO 13020 --- [Test worker] o.s.w.s.handler.SimpleUrlHandlerMapping  : Mapped URL path [/**] onto handler of type [class org.springframework.web.servlet.resource.ResourceHttpRequestHandler]
2017-11-02 19:01:39.427  INFO 13020 --- [Test worker] o.s.w.s.handler.SimpleUrlHandlerMapping  : Mapped URL path [/**/favicon.ico] onto handler of type [class org.springframework.web.servlet.resource.ResourceHttpRequestHandler]
2017-11-02 19:01:39.649  INFO 13020 --- [Test worker] c.e.s.ServerTestsApplicationTests        : Started ServerTestsApplicationTests in 3.341 seconds (JVM running for 4.604)
2017-11-02 19:01:39.724  INFO 13020 --- [Test worker] c.e.serverTests.ServerTestsApplication   : Initializing tester
2017-11-02 19:01:39.772  INFO 13020 --- [Test worker] c.e.serverTests.ServerTestsApplication   : Testing get request
2017-11-02 19:01:40.841  INFO 13020 --- [Test worker] c.e.serverTests.ServerTestsApplication   : testGet() passed
2017-11-02 19:01:40.853  INFO 13020 --- [Test worker] c.e.serverTests.ServerTestsApplication   : Initializing tester
2017-11-02 19:01:40.857  INFO 13020 --- [Test worker] c.e.serverTests.ServerTestsApplication   : Testing post request
2017-11-02 19:01:41.347  INFO 13020 --- [Test worker] c.e.serverTests.ServerTestsApplication   : testPost() passed
2017-11-02 19:01:41.370  INFO 13020 --- [Thread-5] o.s.w.c.s.GenericWebApplicationContext   : Closing org.springframework.web.context.support.GenericWebApplicationContext@16cba6e4: startup date [Thu Nov 02 19:01:36 EDT 2017]; root of context hierarchy
2017-11-02 19:04:24.613  WARN 17316 --- [Test worker] ory$DuplicateJsonObjectContextCustomizer : 

Found multiple occurrences of org.json.JSONObject on the class path:

	jar:file:/C:/Users/xing.e.liu/.gradle/caches/modules-2/files-2.1/org.json/json/20160212/a742e3f85161835b95877478c5dd5b405cefaab9/json-20160212.jar!/org/json/JSONObject.class
	jar:file:/C:/Users/xing.e.liu/.gradle/caches/modules-2/files-2.1/com.vaadin.external.google/android-json/0.0.20131108.vaadin1/fa26d351fe62a6a17f5cda1287c1c6110dec413f/android-json-0.0.20131108.vaadin1.jar!/org/json/JSONObject.class

You may wish to exclude one of them to ensure predictable runtime behaviour

2017-11-02 19:04:24.641  INFO 17316 --- [Test worker] com.example.serverTests.MyVehicleTests   : Starting MyVehicleTests on CPX-W9MLGFHHY4R with PID 17316 (started by xing.e.liu in C:\Users\xing.e.liu\Desktop\week2\serverTests)
2017-11-02 19:04:24.642  INFO 17316 --- [Test worker] com.example.serverTests.MyVehicleTests   : No active profile set, falling back to default profiles: default
2017-11-02 19:04:24.700  INFO 17316 --- [Test worker] o.s.w.c.s.GenericWebApplicationContext   : Refreshing org.springframework.web.context.support.GenericWebApplicationContext@16cba6e4: startup date [Thu Nov 02 19:04:24 EDT 2017]; root of context hierarchy
2017-11-02 19:04:25.921  INFO 17316 --- [Test worker] f.a.AutowiredAnnotationBeanPostProcessor : JSR-330 'javax.inject.Inject' annotation found and supported for autowiring
2017-11-02 19:04:26.899  INFO 17316 --- [Test worker] s.w.s.m.m.a.RequestMappingHandlerAdapter : Looking for @ControllerAdvice: org.springframework.web.context.support.GenericWebApplicationContext@16cba6e4: startup date [Thu Nov 02 19:04:24 EDT 2017]; root of context hierarchy
2017-11-02 19:04:27.005  INFO 17316 --- [Test worker] s.w.s.m.m.a.RequestMappingHandlerMapping : Mapped "{[/error]}" onto public org.springframework.http.ResponseEntity<java.util.Map<java.lang.String, java.lang.Object>> org.springframework.boot.autoconfigure.web.BasicErrorController.error(javax.servlet.http.HttpServletRequest)
2017-11-02 19:04:27.008  INFO 17316 --- [Test worker] s.w.s.m.m.a.RequestMappingHandlerMapping : Mapped "{[/error],produces=[text/html]}" onto public org.springframework.web.servlet.ModelAndView org.springframework.boot.autoconfigure.web.BasicErrorController.errorHtml(javax.servlet.http.HttpServletRequest,javax.servlet.http.HttpServletResponse)
2017-11-02 19:04:27.081  INFO 17316 --- [Test worker] o.s.w.s.handler.SimpleUrlHandlerMapping  : Mapped URL path [/webjars/**] onto handler of type [class org.springframework.web.servlet.resource.ResourceHttpRequestHandler]
2017-11-02 19:04:27.082  INFO 17316 --- [Test worker] o.s.w.s.handler.SimpleUrlHandlerMapping  : Mapped URL path [/**] onto handler of type [class org.springframework.web.servlet.resource.ResourceHttpRequestHandler]
2017-11-02 19:04:27.149  INFO 17316 --- [Test worker] o.s.w.s.handler.SimpleUrlHandlerMapping  : Mapped URL path [/**/favicon.ico] onto handler of type [class org.springframework.web.servlet.resource.ResourceHttpRequestHandler]
2017-11-02 19:04:27.365  INFO 17316 --- [Test worker] com.example.serverTests.MyVehicleTests   : Started MyVehicleTests in 3.08 seconds (JVM running for 4.287)
2017-11-02 19:04:27.435  INFO 17316 --- [Test worker] c.e.serverTests.ServerTestsApplication   : Initializing tester
2017-11-02 19:04:27.507  INFO 17316 --- [Test worker] c.e.serverTests.ServerTestsApplication   : Testing get request
2017-11-02 19:04:28.963  INFO 17316 --- [Test worker] c.e.serverTests.ServerTestsApplication   : Initializing tester
2017-11-02 19:04:28.971  INFO 17316 --- [Test worker] c.e.serverTests.ServerTestsApplication   : Testing post request
2017-11-02 19:04:29.295  INFO 17316 --- [Test worker] .b.t.c.SpringBootTestContextBootstrapper : Neither @ContextConfiguration nor @ContextHierarchy found for test class [com.example.serverTests.ServerTestsApplicationTests], using SpringBootContextLoader
2017-11-02 19:04:29.296  INFO 17316 --- [Test worker] o.s.t.c.support.AbstractContextLoader    : Could not detect default resource locations for test class [com.example.serverTests.ServerTestsApplicationTests]: no resource found for suffixes {-context.xml, Context.groovy}.
2017-11-02 19:04:29.311  INFO 17316 --- [Test worker] .b.t.c.SpringBootTestContextBootstrapper : Loaded default TestExecutionListener class names from location [META-INF/spring.factories]: [org.springframework.boot.test.mock.mockito.MockitoTestExecutionListener, org.springframework.boot.test.mock.mockito.ResetMocksTestExecutionListener, org.springframework.boot.test.autoconfigure.restdocs.RestDocsTestExecutionListener, org.springframework.boot.test.autoconfigure.web.client.MockRestServiceServerResetTestExecutionListener, org.springframework.boot.test.autoconfigure.web.servlet.MockMvcPrintOnlyOnFailureTestExecutionListener, org.springframework.boot.test.autoconfigure.web.servlet.WebDriverTestExecutionListener, org.springframework.test.context.web.ServletTestExecutionListener, org.springframework.test.context.support.DirtiesContextBeforeModesTestExecutionListener, org.springframework.test.context.support.DependencyInjectionTestExecutionListener, org.springframework.test.context.support.DirtiesContextTestExecutionListener, org.springframework.test.context.transaction.TransactionalTestExecutionListener, org.springframework.test.context.jdbc.SqlScriptsTestExecutionListener]
2017-11-02 19:04:29.317  INFO 17316 --- [Test worker] .b.t.c.SpringBootTestContextBootstrapper : Could not instantiate TestExecutionListener [org.springframework.test.context.jdbc.SqlScriptsTestExecutionListener]. Specify custom listener classes or make the default listener classes (and their required dependencies) available. Offending class: [org/springframework/transaction/interceptor/TransactionAttribute]
2017-11-02 19:04:29.324  INFO 17316 --- [Test worker] .b.t.c.SpringBootTestContextBootstrapper : Could not instantiate TestExecutionListener [org.springframework.test.context.transaction.TransactionalTestExecutionListener]. Specify custom listener classes or make the default listener classes (and their required dependencies) available. Offending class: [org/springframework/transaction/interceptor/TransactionAttributeSource]
2017-11-02 19:04:29.325  INFO 17316 --- [Test worker] .b.t.c.SpringBootTestContextBootstrapper : Using TestExecutionListeners: [org.springframework.test.context.web.ServletTestExecutionListener@75307a77, org.springframework.test.context.support.DirtiesContextBeforeModesTestExecutionListener@206a4c75, org.springframework.boot.test.autoconfigure.SpringBootDependencyInjectionTestExecutionListener@43e538ae, org.springframework.test.context.support.DirtiesContextTestExecutionListener@4984850e, org.springframework.boot.test.autoconfigure.web.client.MockRestServiceServerResetTestExecutionListener@3f11bd8b, org.springframework.boot.test.mock.mockito.MockitoTestExecutionListener@4d6a47f8, org.springframework.boot.test.autoconfigure.web.servlet.MockMvcPrintOnlyOnFailureTestExecutionListener@27a036b3, org.springframework.boot.test.autoconfigure.web.servlet.WebDriverTestExecutionListener@4ae16bbc, org.springframework.boot.test.autoconfigure.restdocs.RestDocsTestExecutionListener@782e6a8e, org.springframework.boot.test.mock.mockito.ResetMocksTestExecutionListener@67e4a7f4]
2017-11-02 19:04:29.336  INFO 17316 --- [Test worker] c.e.serverTests.ServerTestsApplication   : Initializing tester
2017-11-02 19:04:29.339  INFO 17316 --- [Test worker] c.e.serverTests.ServerTestsApplication   : Testing get request
2017-11-02 19:04:29.606  INFO 17316 --- [Test worker] c.e.serverTests.ServerTestsApplication   : testGet() passed
2017-11-02 19:04:29.611  INFO 17316 --- [Test worker] c.e.serverTests.ServerTestsApplication   : Initializing tester
2017-11-02 19:04:29.613  INFO 17316 --- [Test worker] c.e.serverTests.ServerTestsApplication   : Testing post request
2017-11-02 19:04:29.840  INFO 17316 --- [Test worker] c.e.serverTests.ServerTestsApplication   : testPost() passed
2017-11-02 19:04:29.861  INFO 17316 --- [Thread-5] o.s.w.c.s.GenericWebApplicationContext   : Closing org.springframework.web.context.support.GenericWebApplicationContext@16cba6e4: startup date [Thu Nov 02 19:04:24 EDT 2017]; root of context hierarchy
2017-11-02 21:09:31.485  WARN 1280 --- [Test worker] ory$DuplicateJsonObjectContextCustomizer : 

Found multiple occurrences of org.json.JSONObject on the class path:

	jar:file:/C:/Users/xing.e.liu/.gradle/caches/modules-2/files-2.1/org.json/json/20160212/a742e3f85161835b95877478c5dd5b405cefaab9/json-20160212.jar!/org/json/JSONObject.class
	jar:file:/C:/Users/xing.e.liu/.gradle/caches/modules-2/files-2.1/com.vaadin.external.google/android-json/0.0.20131108.vaadin1/fa26d351fe62a6a17f5cda1287c1c6110dec413f/android-json-0.0.20131108.vaadin1.jar!/org/json/JSONObject.class

You may wish to exclude one of them to ensure predictable runtime behaviour

2017-11-02 21:09:31.513  INFO 1280 --- [Test worker] c.e.s.ServerTestsApplicationTests        : Starting ServerTestsApplicationTests on CPX-W9MLGFHHY4R with PID 1280 (started by xing.e.liu in C:\Users\xing.e.liu\Desktop\week2\serverTests)
2017-11-02 21:09:31.514  INFO 1280 --- [Test worker] c.e.s.ServerTestsApplicationTests        : No active profile set, falling back to default profiles: default
2017-11-02 21:09:31.572  INFO 1280 --- [Test worker] o.s.w.c.s.GenericWebApplicationContext   : Refreshing org.springframework.web.context.support.GenericWebApplicationContext@4ac6b319: startup date [Thu Nov 02 21:09:31 EDT 2017]; root of context hierarchy
2017-11-02 21:09:32.789  INFO 1280 --- [Test worker] f.a.AutowiredAnnotationBeanPostProcessor : JSR-330 'javax.inject.Inject' annotation found and supported for autowiring
2017-11-02 21:09:33.764  INFO 1280 --- [Test worker] s.w.s.m.m.a.RequestMappingHandlerAdapter : Looking for @ControllerAdvice: org.springframework.web.context.support.GenericWebApplicationContext@4ac6b319: startup date [Thu Nov 02 21:09:31 EDT 2017]; root of context hierarchy
2017-11-02 21:09:33.863  INFO 1280 --- [Test worker] s.w.s.m.m.a.RequestMappingHandlerMapping : Mapped "{[/error]}" onto public org.springframework.http.ResponseEntity<java.util.Map<java.lang.String, java.lang.Object>> org.springframework.boot.autoconfigure.web.BasicErrorController.error(javax.servlet.http.HttpServletRequest)
2017-11-02 21:09:33.866  INFO 1280 --- [Test worker] s.w.s.m.m.a.RequestMappingHandlerMapping : Mapped "{[/error],produces=[text/html]}" onto public org.springframework.web.servlet.ModelAndView org.springframework.boot.autoconfigure.web.BasicErrorController.errorHtml(javax.servlet.http.HttpServletRequest,javax.servlet.http.HttpServletResponse)
2017-11-02 21:09:33.932  INFO 1280 --- [Test worker] o.s.w.s.handler.SimpleUrlHandlerMapping  : Mapped URL path [/webjars/**] onto handler of type [class org.springframework.web.servlet.resource.ResourceHttpRequestHandler]
2017-11-02 21:09:33.932  INFO 1280 --- [Test worker] o.s.w.s.handler.SimpleUrlHandlerMapping  : Mapped URL path [/**] onto handler of type [class org.springframework.web.servlet.resource.ResourceHttpRequestHandler]
2017-11-02 21:09:34.000  INFO 1280 --- [Test worker] o.s.w.s.handler.SimpleUrlHandlerMapping  : Mapped URL path [/**/favicon.ico] onto handler of type [class org.springframework.web.servlet.resource.ResourceHttpRequestHandler]
2017-11-02 21:09:34.301  INFO 1280 --- [Test worker] c.e.s.ServerTestsApplicationTests        : Started ServerTestsApplicationTests in 3.159 seconds (JVM running for 4.372)
2017-11-02 21:09:34.381  INFO 1280 --- [Test worker] c.e.serverTests.ServerTestsApplication   : Initializing tester
2017-11-02 21:09:34.451  INFO 1280 --- [Test worker] c.e.serverTests.ServerTestsApplication   : Testing get request
2017-11-02 21:09:35.670  INFO 1280 --- [Test worker] c.e.serverTests.ServerTestsApplication   : testGet() passed
2017-11-02 21:09:35.683  INFO 1280 --- [Test worker] c.e.serverTests.ServerTestsApplication   : Initializing tester
2017-11-02 21:09:35.688  INFO 1280 --- [Test worker] c.e.serverTests.ServerTestsApplication   : Testing post request
2017-11-02 21:09:35.991  INFO 1280 --- [Test worker] c.e.serverTests.ServerTestsApplication   : testPost() passed
2017-11-02 21:09:36.000  INFO 1280 --- [Thread-5] o.s.w.c.s.GenericWebApplicationContext   : Closing org.springframework.web.context.support.GenericWebApplicationContext@4ac6b319: startup date [Thu Nov 02 21:09:31 EDT 2017]; root of context hierarchy
